Determining if the pthread_create exist failed with the following output:
Change Dir: /data/irip_rpt/3DFR/Led3DFR/build/CMakeFiles/CMakeTmp

Run Build Command:"/usr/bin/make" "cmTC_4a422/fast"
/usr/bin/make -f CMakeFiles/cmTC_4a422.dir/build.make CMakeFiles/cmTC_4a422.dir/build
make[1]: Entering directory '/data/irip_rpt/3DFR/Led3DFR/build/CMakeFiles/CMakeTmp'
Building C object CMakeFiles/cmTC_4a422.dir/CheckSymbolExists.c.o
/usr/bin/cc    -fPIC    -o CMakeFiles/cmTC_4a422.dir/CheckSymbolExists.c.o   -c /data/irip_rpt/3DFR/Led3DFR/build/CMakeFiles/CMakeTmp/CheckSymbolExists.c
Linking C executable cmTC_4a422
/usr/bin/cmake -E cmake_link_script CMakeFiles/cmTC_4a422.dir/link.txt --verbose=1
/usr/bin/cc  -fPIC     CMakeFiles/cmTC_4a422.dir/CheckSymbolExists.c.o  -o cmTC_4a422 -rdynamic 
CMakeFiles/cmTC_4a422.dir/CheckSymbolExists.c.o: In function `main':
CheckSymbolExists.c:(.text+0x1b): undefined reference to `pthread_create'
collect2: error: ld returned 1 exit status
CMakeFiles/cmTC_4a422.dir/build.make:97: recipe for target 'cmTC_4a422' failed
make[1]: *** [cmTC_4a422] Error 1
make[1]: Leaving directory '/data/irip_rpt/3DFR/Led3DFR/build/CMakeFiles/CMakeTmp'
Makefile:126: recipe for target 'cmTC_4a422/fast' failed
make: *** [cmTC_4a422/fast] Error 2

File /data/irip_rpt/3DFR/Led3DFR/build/CMakeFiles/CMakeTmp/CheckSymbolExists.c:
/* */
#include <pthread.h>

int main(int argc, char** argv)
{
  (void)argv;
#ifndef pthread_create
  return ((int*)(&pthread_create))[argc];
#else
  (void)argc;
  return 0;
#endif
}

Determining if the function pthread_create exists in the pthreads failed with the following output:
Change Dir: /data/irip_rpt/3DFR/Led3DFR/build/CMakeFiles/CMakeTmp

Run Build Command:"/usr/bin/make" "cmTC_8ae3d/fast"
/usr/bin/make -f CMakeFiles/cmTC_8ae3d.dir/build.make CMakeFiles/cmTC_8ae3d.dir/build
make[1]: Entering directory '/data/irip_rpt/3DFR/Led3DFR/build/CMakeFiles/CMakeTmp'
Building C object CMakeFiles/cmTC_8ae3d.dir/CheckFunctionExists.c.o
/usr/bin/cc    -fPIC -DCHECK_FUNCTION_EXISTS=pthread_create   -o CMakeFiles/cmTC_8ae3d.dir/CheckFunctionExists.c.o   -c /usr/share/cmake-3.5/Modules/CheckFunctionExists.c
Linking C executable cmTC_8ae3d
/usr/bin/cmake -E cmake_link_script CMakeFiles/cmTC_8ae3d.dir/link.txt --verbose=1
/usr/bin/cc  -fPIC -DCHECK_FUNCTION_EXISTS=pthread_create    CMakeFiles/cmTC_8ae3d.dir/CheckFunctionExists.c.o  -o cmTC_8ae3d -rdynamic -lpthreads 
/usr/bin/ld: cannot find -lpthreads
collect2: error: ld returned 1 exit status
CMakeFiles/cmTC_8ae3d.dir/build.make:97: recipe for target 'cmTC_8ae3d' failed
make[1]: *** [cmTC_8ae3d] Error 1
make[1]: Leaving directory '/data/irip_rpt/3DFR/Led3DFR/build/CMakeFiles/CMakeTmp'
Makefile:126: recipe for target 'cmTC_8ae3d/fast' failed
make: *** [cmTC_8ae3d/fast] Error 2


